2022-03-01 09:32:29.5749||INFO|Hr.Contract.BackgroundTask.ContractDraftSend|2022/3/1 上午 09:32:29 Job開始運行...... 
2022-03-01 09:32:38.8436||INFO|Hr.Contract.BackgroundTask.ContractDraftSend|KWY07的合同草稿发起成功！ 
2022-03-01 09:49:27.7648||INFO|Hr.Contract.BackgroundTask.ContractDraftSend|2022/3/1 上午 09:49:27 Job開始運行...... 
2022-03-01 09:49:35.1361||INFO|Hr.Contract.BackgroundTask.ContractDraftSend|KWY07的合同草稿发起成功！ 
2022-03-01 09:49:40.4881||INFO|Hr.Contract.BackgroundTask.ContractDraftSend|KWY13的合同草稿发起成功！ 
2022-03-01 09:49:45.4854||INFO|Hr.Contract.BackgroundTask.ContractDraftSend|KWY20的合同草稿发起成功！ 
2022-03-01 09:49:50.6404||INFO|Hr.Contract.BackgroundTask.ContractDraftSend|KWX85的合同草稿发起成功！ 
2022-03-01 09:49:56.7366||INFO|Hr.Contract.BackgroundTask.ContractDraftSend|KWY12的合同草稿发起成功！ 
2022-03-01 09:50:01.3972||INFO|Hr.Contract.BackgroundTask.ContractDraftSend|KWY22的合同草稿发起成功！ 
2022-03-01 09:50:07.6363||INFO|Hr.Contract.BackgroundTask.ContractDraftSend|KVV19的合同草稿发起成功！ 
2022-03-01 09:50:12.5855||INFO|Hr.Contract.BackgroundTask.ContractDraftSend|KWY18的合同草稿发起成功！ 
2022-03-01 09:50:17.5988||INFO|Hr.Contract.BackgroundTask.ContractDraftSend|KWY19的合同草稿发起成功！ 
2022-03-01 09:50:23.2847||INFO|Hr.Contract.BackgroundTask.ContractDraftSend|KWY23的合同草稿发起成功！ 
2022-03-01 09:50:28.3140||INFO|Hr.Contract.BackgroundTask.ContractDraftSend|KVP21的合同草稿发起成功！ 
2022-03-01 09:50:33.2752||INFO|Hr.Contract.BackgroundTask.ContractDraftSend|KWX65的合同草稿发起成功！ 
2022-03-01 09:50:37.9617||INFO|Hr.Contract.BackgroundTask.ContractDraftSend|KWY03的合同草稿发起成功！ 
2022-03-01 09:50:43.4887||INFO|Hr.Contract.BackgroundTask.ContractDraftSend|KWY04的合同草稿发起成功！ 
2022-03-01 09:50:48.4195||INFO|Hr.Contract.BackgroundTask.ContractDraftSend|KWY06的合同草稿发起成功！ 
2022-03-01 09:50:53.2822||INFO|Hr.Contract.BackgroundTask.ContractDraftSend|KWY21的合同草稿发起成功！ 
2022-03-01 09:50:58.0438||INFO|Hr.Contract.BackgroundTask.ContractDraftSend|KWX51的合同草稿发起成功！ 
2022-03-01 09:51:03.3493||INFO|Hr.Contract.BackgroundTask.ContractDraftSend|KWX66的合同草稿发起成功！ 
2022-03-01 09:51:07.7566||INFO|Hr.Contract.BackgroundTask.ContractDraftSend|KWY14的合同草稿发起成功！ 
2022-03-01 09:51:12.2461||INFO|Hr.Contract.BackgroundTask.ContractDraftSend|KWY01的合同草稿发起成功！ 
2022-03-01 09:51:17.1103||INFO|Hr.Contract.BackgroundTask.ContractDraftSend|KWY09的合同草稿发起成功！ 
2022-03-01 09:51:22.0929||INFO|Hr.Contract.BackgroundTask.ContractDraftSend|KWX91的合同草稿发起成功！ 
2022-03-01 09:51:26.6428||INFO|Hr.Contract.BackgroundTask.ContractDraftSend|KWY05的合同草稿发起成功！ 
2022-03-01 09:51:31.2739||INFO|Hr.Contract.BackgroundTask.ContractDraftSend|KWY08的合同草稿发起成功！ 
2022-03-01 09:51:36.4322||INFO|Hr.Contract.BackgroundTask.ContractDraftSend|KWY10的合同草稿发起成功！ 
2022-03-01 09:51:41.3246||INFO|Hr.Contract.BackgroundTask.ContractDraftSend|KWY11的合同草稿发起成功！ 
2022-03-01 09:51:46.4101||INFO|Hr.Contract.BackgroundTask.ContractDraftSend|KWY15的合同草稿发起成功！ 
2022-03-01 09:51:51.1051||INFO|Hr.Contract.BackgroundTask.ContractDraftSend|KWY16的合同草稿发起成功！ 
2022-03-01 09:51:56.3409||INFO|Hr.Contract.BackgroundTask.ContractDraftSend|KWY17的合同草稿发起成功！ 
2022-03-01 10:23:29.6656||INFO|Hr.Contract.BackgroundTask.ContractDraftSend|2022/3/1 上午 10:23:29 Job開始運行...... 
2022-03-01 10:26:29.7878||INFO|Hr.Contract.BackgroundTask.ContractDraftSend|2022/3/1 上午 10:26:29 Job開始運行...... 
2022-03-01 10:26:36.9359||INFO|Hr.Contract.BackgroundTask.ContractDraftSend|KWY32的合同草稿发起成功！ 
2022-03-01 10:26:41.7075||INFO|Hr.Contract.BackgroundTask.ContractDraftSend|KWY37的合同草稿发起成功！ 
2022-03-01 10:26:45.9642||INFO|Hr.Contract.BackgroundTask.ContractDraftSend|KWY43的合同草稿发起成功！ 
2022-03-01 10:26:51.0805||INFO|Hr.Contract.BackgroundTask.ContractDraftSend|KWY26的合同草稿发起成功！ 
2022-03-01 10:26:55.5278||INFO|Hr.Contract.BackgroundTask.ContractDraftSend|KWY38的合同草稿发起成功！ 
2022-03-01 10:27:00.4236||INFO|Hr.Contract.BackgroundTask.ContractDraftSend|KWY33的合同草稿发起成功！ 
2022-03-01 10:27:04.9034||INFO|Hr.Contract.BackgroundTask.ContractDraftSend|KWY34的合同草稿发起成功！ 
2022-03-01 10:27:11.2334||INFO|Hr.Contract.BackgroundTask.ContractDraftSend|KUQ88的合同草稿发起成功！ 
2022-03-01 10:27:16.1677||INFO|Hr.Contract.BackgroundTask.ContractDraftSend|KWY39的合同草稿发起成功！ 
2022-03-01 10:27:21.0169||INFO|Hr.Contract.BackgroundTask.ContractDraftSend|KUU64的合同草稿发起成功！ 
2022-03-01 10:27:25.4853||INFO|Hr.Contract.BackgroundTask.ContractDraftSend|KWY40的合同草稿发起成功！ 
2022-03-01 10:27:30.3269||INFO|Hr.Contract.BackgroundTask.ContractDraftSend|KWY42的合同草稿发起成功！ 
2022-03-01 10:27:34.5616||INFO|Hr.Contract.BackgroundTask.ContractDraftSend|KWY35的合同草稿发起成功！ 
2022-03-01 10:27:39.1502||INFO|Hr.Contract.BackgroundTask.ContractDraftSend|KWY44的合同草稿发起成功！ 
2022-03-01 10:27:44.1408||INFO|Hr.Contract.BackgroundTask.ContractDraftSend|KUT53的合同草稿发起成功！ 
2022-03-01 10:27:44.4445||INFO|Hr.Contract.BackgroundTask.ContractDraftSend|KUU62的合同草稿发起失敗：签署方校验:接收人校验:INVALID PARAM,手机号格式错误 contact:1582328343 
2022-03-01 10:27:49.2234||INFO|Hr.Contract.BackgroundTask.ContractDraftSend|KVS85的合同草稿发起成功！ 
2022-03-01 10:27:54.0848||INFO|Hr.Contract.BackgroundTask.ContractDraftSend|KWY30的合同草稿发起成功！ 
2022-03-01 10:27:58.4312||INFO|Hr.Contract.BackgroundTask.ContractDraftSend|KWY25的合同草稿发起成功！ 
2022-03-01 10:28:03.8819||INFO|Hr.Contract.BackgroundTask.ContractDraftSend|KWY41的合同草稿发起成功！ 
2022-03-01 10:28:08.3491||INFO|Hr.Contract.BackgroundTask.ContractDraftSend|KWY27的合同草稿发起成功！ 
2022-03-01 10:28:13.2325||INFO|Hr.Contract.BackgroundTask.ContractDraftSend|KWY36的合同草稿发起成功！ 
2022-03-01 10:50:24.0404||INFO|Hr.Contract.BackgroundTask.ContractDraftSend|2022/3/1 上午 10:50:24 Job開始運行...... 
2022-03-01 10:50:26.8720||INFO|Hr.Contract.BackgroundTask.ContractDraftSend|KUU62的合同草稿发起失敗：签署方校验:接收人校验:INVALID PARAM,手机号格式错误 contact:1582328343 
2022-03-01 10:58:27.2168||INFO|Hr.Contract.BackgroundTask.ContractDraftSend|2022/3/1 上午 10:58:27 Job開始運行...... 
2022-03-01 10:58:30.1150||INFO|Hr.Contract.BackgroundTask.ContractDraftSend|KUU62的合同草稿发起失敗：签署方校验:接收人校验:INVALID PARAM,手机号格式错误 contact:1582328343 
